<?xml version="1.0" encoding="UTF-8"?>
<!-- Generated by org.testng.reporters.JUnitXMLReporter -->
<testsuite ignored="0" hostname="ip-172-31-18-244" failures="0" tests="3" name="Test" time="13.085" errors="0" timestamp="25 Nov 2023 14:48:11 GMT">
  <testcase classname="testcases.LoginTest" name="LoginFailiureTest" time="5.232"/>
  <testcase classname="testcases.LoginTest" name="LoginSuccessTest" time="3.618"/>
  <testcase classname="com.simplilearn.TestngProject.AppTest" name="testApp" time="0.002"/>
</testsuite> <!-- Test -->
