<?xml version="1.0" encoding="UTF-8"?>
<!-- Generated by org.testng.reporters.JUnitXMLReporter -->
<testsuite ignored="0" hostname="ip-172-31-18-244" failures="0" tests="3" name="Test" time="11.745" errors="0" timestamp="25 Nov 2023 14:24:51 GMT">
  <testcase classname="testcases.LoginTest" name="LoginFailiureTest" time="4.571"/>
  <testcase classname="testcases.LoginTest" name="LoginSuccessTest" time="3.484"/>
  <testcase classname="com.simplilearn.TestngProject.AppTest" name="testApp" time="0.0"/>
</testsuite> <!-- Test -->
