<?xml version="1.0" encoding="UTF-8"?>
<testng-results ignored="0" total="3" passed="3" failed="0" skipped="0">
  <reporter-output>
  </reporter-output>
  <suite started-at="2023-11-25T14:24:39Z" name="Suite" finished-at="2023-11-25T14:24:51Z" duration-ms="11745">
    <groups>
    </groups>
    <test started-at="2023-11-25T14:24:39Z" name="Test" finished-at="2023-11-25T14:24:51Z" duration-ms="11745">
      <class name="com.simplilearn.TestngProject.AppTest">
        <test-method signature="testApp()[pri:0, instance:com.simplilearn.TestngProject.AppTest@61001b64]" started-at="2023-11-25T14:24:51Z" name="testApp" finished-at="2023-11-25T14:24:51Z" duration-ms="0" status="PASS">
          <reporter-output>
          </reporter-output>
        </test-method> <!-- testApp -->
      </class> <!-- com.simplilearn.TestngProject.AppTest -->
      <class name="testcases.LoginTest">
        <test-method is-config="true" signature="SetUp()[pri:0, instance:testcases.LoginTest@201a4587]" started-at="2023-11-25T14:24:39Z" name="SetUp" finished-at="2023-11-25T14:24:41Z" duration-ms="1964" status="PASS">
          <reporter-output>
          </reporter-output>
        </test-method> <!-- SetUp -->
        <test-method signature="LoginFailiureTest()[pri:0, instance:testcases.LoginTest@201a4587]" started-at="2023-11-25T14:24:41Z" name="LoginFailiureTest" finished-at="2023-11-25T14:24:46Z" duration-ms="4571" status="PASS">
          <reporter-output>
          </reporter-output>
        </test-method> <!-- LoginFailiureTest -->
        <test-method is-config="true" signature="TearDown()[pri:0, instance:testcases.LoginTest@201a4587]" started-at="2023-11-25T14:24:46Z" name="TearDown" finished-at="2023-11-25T14:24:46Z" duration-ms="135" status="PASS">
          <reporter-output>
          </reporter-output>
        </test-method> <!-- TearDown -->
        <test-method is-config="true" signature="SetUp()[pri:0, instance:testcases.LoginTest@201a4587]" started-at="2023-11-25T14:24:46Z" name="SetUp" finished-at="2023-11-25T14:24:47Z" duration-ms="1444" status="PASS">
          <reporter-output>
          </reporter-output>
        </test-method> <!-- SetUp -->
        <test-method signature="LoginSuccessTest()[pri:0, instance:testcases.LoginTest@201a4587]" started-at="2023-11-25T14:24:47Z" name="LoginSuccessTest" finished-at="2023-11-25T14:24:51Z" duration-ms="3484" status="PASS">
          <reporter-output>
          </reporter-output>
        </test-method> <!-- LoginSuccessTest -->
        <test-method is-config="true" signature="TearDown()[pri:0, instance:testcases.LoginTest@201a4587]" started-at="2023-11-25T14:24:51Z" name="TearDown" finished-at="2023-11-25T14:24:51Z" duration-ms="126" status="PASS">
          <reporter-output>
          </reporter-output>
        </test-method> <!-- TearDown -->
      </class> <!-- testcases.LoginTest -->
    </test> <!-- Test -->
  </suite> <!-- Suite -->
</testng-results>
