<?xml version="1.0" encoding="UTF-8"?>
<testng-results ignored="0" total="2" passed="2" failed="0" skipped="0">
  <reporter-output>
  </reporter-output>
  <suite started-at="2024-02-06T02:43:38Z" name="Suite" finished-at="2024-02-06T02:43:52Z" duration-ms="13775">
    <groups>
    </groups>
    <test started-at="2024-02-06T02:43:38Z" name="Test" finished-at="2024-02-06T02:43:52Z" duration-ms="13775">
      <class name="testcases.LoginTest">
        <test-method is-config="true" signature="SetUp()[pri:0, instance:testcases.LoginTest@44d52de2]" started-at="2024-02-06T02:43:38Z" name="SetUp" finished-at="2024-02-06T02:43:40Z" duration-ms="1827" status="PASS">
          <reporter-output>
          </reporter-output>
        </test-method> <!-- SetUp -->
        <test-method signature="LoginFailiureTest()[pri:0, instance:testcases.LoginTest@44d52de2]" started-at="2024-02-06T02:43:40Z" name="LoginFailiureTest" finished-at="2024-02-06T02:43:44Z" duration-ms="4789" status="PASS">
          <reporter-output>
          </reporter-output>
        </test-method> <!-- LoginFailiureTest -->
        <test-method is-config="true" signature="TearDown()[pri:0, instance:testcases.LoginTest@44d52de2]" started-at="2024-02-06T02:43:44Z" name="TearDown" finished-at="2024-02-06T02:43:45Z" duration-ms="124" status="PASS">
          <reporter-output>
          </reporter-output>
        </test-method> <!-- TearDown -->
        <test-method is-config="true" signature="SetUp()[pri:0, instance:testcases.LoginTest@44d52de2]" started-at="2024-02-06T02:43:45Z" name="SetUp" finished-at="2024-02-06T02:43:46Z" duration-ms="1306" status="PASS">
          <reporter-output>
          </reporter-output>
        </test-method> <!-- SetUp -->
        <test-method signature="LoginSuccessTest()[pri:0, instance:testcases.LoginTest@44d52de2]" started-at="2024-02-06T02:43:46Z" name="LoginSuccessTest" finished-at="2024-02-06T02:43:51Z" duration-ms="5587" status="PASS">
          <reporter-output>
          </reporter-output>
        </test-method> <!-- LoginSuccessTest -->
        <test-method is-config="true" signature="TearDown()[pri:0, instance:testcases.LoginTest@44d52de2]" started-at="2024-02-06T02:43:51Z" name="TearDown" finished-at="2024-02-06T02:43:52Z" duration-ms="121" status="PASS">
          <reporter-output>
          </reporter-output>
        </test-method> <!-- TearDown -->
      </class> <!-- testcases.LoginTest -->
    </test> <!-- Test -->
  </suite> <!-- Suite -->
</testng-results>
