<?xml version="1.0" encoding="UTF-8"?>
<testng-results ignored="0" total="2" passed="2" failed="0" skipped="0">
  <reporter-output>
  </reporter-output>
  <suite started-at="2023-12-02T03:08:51Z" name="Default suite" finished-at="2023-12-02T03:09:03Z" duration-ms="12040">
    <groups>
    </groups>
    <test started-at="2023-12-02T03:08:51Z" name="Default test" finished-at="2023-12-02T03:09:03Z" duration-ms="12040">
      <class name="testcases.LoginTest">
        <test-method is-config="true" signature="SetUp()[pri:0, instance:testcases.LoginTest@60410cd]" started-at="2023-12-02T03:08:51Z" name="SetUp" finished-at="2023-12-02T03:08:53Z" duration-ms="2011" status="PASS">
          <reporter-output>
          </reporter-output>
        </test-method> <!-- SetUp -->
        <test-method signature="LoginFailiureTest()[pri:0, instance:testcases.LoginTest@60410cd]" started-at="2023-12-02T03:08:53Z" name="LoginFailiureTest" finished-at="2023-12-02T03:08:58Z" duration-ms="4472" status="PASS">
          <reporter-output>
          </reporter-output>
        </test-method> <!-- LoginFailiureTest -->
        <test-method is-config="true" signature="TearDown()[pri:0, instance:testcases.LoginTest@60410cd]" started-at="2023-12-02T03:08:58Z" name="TearDown" finished-at="2023-12-02T03:08:58Z" duration-ms="134" status="PASS">
          <reporter-output>
          </reporter-output>
        </test-method> <!-- TearDown -->
        <test-method is-config="true" signature="SetUp()[pri:0, instance:testcases.LoginTest@60410cd]" started-at="2023-12-02T03:08:58Z" name="SetUp" finished-at="2023-12-02T03:08:59Z" duration-ms="1502" status="PASS">
          <reporter-output>
          </reporter-output>
        </test-method> <!-- SetUp -->
        <test-method signature="LoginSuccessTest()[pri:0, instance:testcases.LoginTest@60410cd]" started-at="2023-12-02T03:08:59Z" name="LoginSuccessTest" finished-at="2023-12-02T03:09:03Z" duration-ms="3778" status="PASS">
          <reporter-output>
          </reporter-output>
        </test-method> <!-- LoginSuccessTest -->
        <test-method is-config="true" signature="TearDown()[pri:0, instance:testcases.LoginTest@60410cd]" started-at="2023-12-02T03:09:03Z" name="TearDown" finished-at="2023-12-02T03:09:03Z" duration-ms="125" status="PASS">
          <reporter-output>
          </reporter-output>
        </test-method> <!-- TearDown -->
      </class> <!-- testcases.LoginTest -->
    </test> <!-- Default test -->
  </suite> <!-- Default suite -->
</testng-results>
